[LOG] [2025-12-06T20:26:05.024393] Test: Environment Setup
[LOG] [2025-12-06T20:26:05.024393] Step: Scene State Capture
[LOG] [2025-12-06T20:26:05.024393] Result: STARTED
[LOG] [2025-12-06T20:26:05.024393] Test: Environment Setup
[LOG] [2025-12-06T20:26:05.024393] Step: Scene State Capture
[LOG] [2025-12-06T20:26:05.024393] Result: COMPLETED
[LOG] [2025-12-06T20:26:05.024393] Details: {'total_objects': 0, 'total_collections': 1, 'car_trail_objects': [], 'route_objects': [], 'asset_car_collection_exists': False, 'car_asset_objects': [], 'scene_objects': []}
[LOG] [2025-12-06T20:26:05.025006] Test: Test 1
[LOG] [2025-12-06T20:26:05.025006] Step: Object Count and Naming
[LOG] [2025-12-06T20:26:05.025006] Result: STARTED
[LOG] [2025-12-06T20:26:05.025537] Test: Test 1
[LOG] [2025-12-06T20:26:05.025537] Step: Object Count and Naming
[LOG] [2025-12-06T20:26:05.025537] Result: FAILURE
[LOG] [2025-12-06T20:26:05.025537] Details: Expected 1 CAR_TRAIL object, got 0
[LOG] [2025-12-06T20:26:05.025537] Test: Test 2
[LOG] [2025-12-06T20:26:05.025537] Step: Route Geometry Fidelity
[LOG] [2025-12-06T20:26:05.025537] Result: STARTED
[LOG] [2025-12-06T20:26:05.025537] Test: Test 2
[LOG] [2025-12-06T20:26:05.025537] Step: Route Geometry Fidelity
[LOG] [2025-12-06T20:26:05.025537] Result: FAILURE
[LOG] [2025-12-06T20:26:05.025537] Details: CAR_TRAIL not found
[LOG] [2025-12-06T20:26:05.026065] Test: Test 3
[LOG] [2025-12-06T20:26:05.026065] Step: Geometry Nodes Modifier
[LOG] [2025-12-06T20:26:05.026065] Result: STARTED
[LOG] [2025-12-06T20:26:05.026065] Test: Test 3
[LOG] [2025-12-06T20:26:05.026065] Step: Geometry Nodes Modifier
[LOG] [2025-12-06T20:26:05.026065] Result: FAILURE
[LOG] [2025-12-06T20:26:05.026065] Details: CAR_TRAIL not found
[LOG] [2025-12-06T20:26:05.026580] Test: Test 4
[LOG] [2025-12-06T20:26:05.026580] Step: Animation Drivers
[LOG] [2025-12-06T20:26:05.026580] Result: STARTED
[LOG] [2025-12-06T20:26:05.026580] Test: Test 4
[LOG] [2025-12-06T20:26:05.026580] Step: Animation Drivers
[LOG] [2025-12-06T20:26:05.026580] Result: FAILURE
[LOG] [2025-12-06T20:26:05.026580] Details: CAR_TRAIL not found
[LOG] [2025-12-06T20:26:05.026580] Test: Test 5
[LOG] [2025-12-06T20:26:05.026580] Step: Car Asset Reference
[LOG] [2025-12-06T20:26:05.026580] Result: STARTED
[LOG] [2025-12-06T20:26:05.027125] Test: Test 5
[LOG] [2025-12-06T20:26:05.027125] Step: Car Asset Reference
[LOG] [2025-12-06T20:26:05.027125] Result: FAILURE
[LOG] [2025-12-06T20:26:05.027125] Details: CAR_TRAIL not found
[LOG] [2025-12-06T20:26:05.027125] Test: Main Test
[LOG] [2025-12-06T20:26:05.027125] Step: Comprehensive Test End
[LOG] [2025-12-06T20:26:05.027125] Result: COMPLETED
[LOG] [2025-12-06T20:26:05.027125] Details: Overall Success: False, Passed: 0, Failed: 5
[LOG] [2025-12-06T20:26:05.030216] Test: Main Test
[LOG] [2025-12-06T20:26:05.030216] Step: Scene Save
[LOG] [2025-12-06T20:26:05.030216] Result: SUCCESS
[LOG] [2025-12-06T20:26:05.030216] Details: Scene saved to: C:\Users\Tyler\AppData\Roaming\Blender Foundation\Blender\4.5\scripts\addons\cash-cab-addon\car-trail-fix\verification-scene.blend
[LOG] [2025-12-06T20:26:05.030216] Test: Main Test
[LOG] [2025-12-06T20:26:05.030216] Step: Report Generation
[LOG] [2025-12-06T20:26:05.030216] Result: SUCCESS
[LOG] [2025-12-06T20:26:05.030216] Details: Final verification report generated
